<?xml version="1.0" encoding="UTF-8"?>
<!-- Generated by org.testng.reporters.JUnitReportReporter -->
<testsuite hostname="QSP" failures="0" tests="1" name="testng.Parallel" time="64.115" errors="0" timestamp="2022-02-23T18:05:07 IST" skipped="0">
  <testcase classname="testng.Parallel" name="demo" time="64.115"/>
</testsuite> <!-- testng.Parallel -->
