<?xml version="1.0" encoding="UTF-8"?>
<!-- Generated by org.testng.reporters.JUnitReportReporter -->
<testsuite hostname="QSP" failures="0" tests="1" name="testng.Testacse1" time="16.235" errors="0" timestamp="2022-02-23T18:53:47 IST" skipped="0">
  <testcase classname="testng.Testacse1" name="tc1" time="16.235"/>
</testsuite> <!-- testng.Testacse1 -->
