<?xml version="1.0" encoding="UTF-8"?>
<!-- Generated by org.testng.reporters.JUnitReportReporter -->
<testsuite hostname="QSP" failures="0" tests="5" name="testng.Test1" time="0.043" errors="0" timestamp="2022-02-22T18:20:55 IST" skipped="1">
  <testcase classname="testng.Test1" name="calls" time="0.031"/>
  <testcase classname="testng.Test1" name="settings" time="0.003"/>
  <testcase classname="testng.Test1" name="settings" time="0.003"/>
  <testcase classname="testng.Test1" name="settings" time="0.006"/>
  <testcase classname="testng.Test1" name="chats">
    <skipped/>
  </testcase> <!-- chats -->
</testsuite> <!-- testng.Test1 -->
